<?xml version="1.0" encoding="UTF-8"?>
<!-- Generated by org.testng.reporters.JUnitReportReporter -->
<testsuite skipped="0" hostname="LAPTOP-QMCU0A20" name="tests.TCA003_SRCreation_EmaarOne" tests="1" failures="0" timestamp="2020-09-16T12:07:31 GST" time="713.754" errors="0">
  <testcase name="TCA003_SRCreation" time="713.754" classname="tests.TCA003_SRCreation_EmaarOne"/>
  <system-out>
Test Execution Time Test Execution Time Test Execution Time  </system-out>
</testsuite> <!-- tests.TCA003_SRCreation_EmaarOne -->
