<?xml version="1.0" encoding="UTF-8"?>
<!-- Generated by org.testng.reporters.JUnitReportReporter -->
<testsuite skipped="0" hostname="LAPTOP-QMCU0A20" name="tests.TCA001_SRCreation_EmaarOne" tests="1" failures="0" timestamp="2020-09-15T12:22:17 GST" time="488.144" errors="0">
  <testcase name="TCA001_SRCreation" time="488.144" classname="tests.TCA001_SRCreation_EmaarOne"/>
  <system-out>
Test Execution Time Test Execution Time  </system-out>
</testsuite> <!-- tests.TCA001_SRCreation_EmaarOne -->
