<?xml version="1.0" encoding="UTF-8"?>
<!-- Generated by org.testng.reporters.JUnitReportReporter -->
<testsuite skipped="0" hostname="LAPTOP-QMCU0A20" name="tests.TCA003_SRCreation_EmaarOne" tests="1" failures="0" timestamp="2020-09-15T12:22:17 GST" time="236.606" errors="0">
  <testcase name="TCA003_SRCreation" time="236.606" classname="tests.TCA003_SRCreation_EmaarOne"/>
  <system-out>
Test Execution Time  </system-out>
</testsuite> <!-- tests.TCA003_SRCreation_EmaarOne -->
