<?xml version="1.0" encoding="UTF-8"?>
<!-- Generated by org.testng.reporters.JUnitReportReporter -->
<testsuite skipped="0" hostname="LAPTOP-QMCU0A20" name="tests.TCA002_SRCreation_EmaarOne" tests="1" failures="0" timestamp="2020-09-16T12:44:41 GST" time="286.863" errors="0">
  <testcase name="TCA002_SRCreation" time="286.863" classname="tests.TCA002_SRCreation_EmaarOne"/>
  <system-out>
Test Execution Time  </system-out>
</testsuite> <!-- tests.TCA002_SRCreation_EmaarOne -->
